1764871227: mosquitto version 2.0.22 starting
1764871227: Config loaded from /mosquitto/config/mosquitto.conf.
1764871227: Opening ipv4 listen socket on port 1883.
1764871227: Opening ipv6 listen socket on port 1883.
1764871227: Opening websockets listen socket on port 9001.
1764871227: mosquitto version 2.0.22 running
1764871230: New connection from ::1:52682 on port 1883.
1764871230: New client connected from ::1:52682 as auto-D8471DB3-7409-56FF-2956-FB2DF590D5D6 (p2, c1, k60).
1764871230: Client auto-D8471DB3-7409-56FF-2956-FB2DF590D5D6 disconnected.
1764871245: New connection from ::1:55490 on port 1883.
1764871245: New client connected from ::1:55490 as auto-00B2A4C0-4601-FDD5-03F4-EDF0E62E3F0D (p2, c1, k60).
1764871245: Client auto-00B2A4C0-4601-FDD5-03F4-EDF0E62E3F0D disconnected.
1764871258: New connection from ::1:60166 on port 1883.
1764871258: New client connected from ::1:60166 as auto-142EB648-A7BA-D963-DBC3-A56731F1B1DC (p2, c1, k60).
1764871258: Client auto-142EB648-A7BA-D963-DBC3-A56731F1B1DC disconnected.
1764871273: New connection from ::1:47640 on port 1883.
1764871273: New client connected from ::1:47640 as auto-A4851C89-6CCF-62F5-C567-ADB97B882DE8 (p2, c1, k60).
1764871273: Client auto-A4851C89-6CCF-62F5-C567-ADB97B882DE8 disconnected.
1764871285: New connection from ::1:56042 on port 1883.
1764871285: New client connected from ::1:56042 as auto-02CBD1D3-7AF3-EBD6-B70B-F6CE8C4DF3CC (p2, c1, k60).
1764871285: Client auto-02CBD1D3-7AF3-EBD6-B70B-F6CE8C4DF3CC disconnected.
1764871300: New connection from ::1:36022 on port 1883.
1764871300: New client connected from ::1:36022 as auto-CBD4B43D-CCBE-FC0E-4F92-0A6658BF243B (p2, c1, k60).
1764871300: Client auto-CBD4B43D-CCBE-FC0E-4F92-0A6658BF243B disconnected.
1764871313: New connection from ::1:60622 on port 1883.
1764871313: New client connected from ::1:60622 as auto-6BE87D76-ECD9-0AC4-7720-92FDA7BD717E (p2, c1, k60).
1764871313: Client auto-6BE87D76-ECD9-0AC4-7720-92FDA7BD717E disconnected.
1764871328: New connection from ::1:34922 on port 1883.
1764871328: New client connected from ::1:34922 as auto-0B8C0266-2956-A17C-F27A-73D239878789 (p2, c1, k60).
1764871328: Client auto-0B8C0266-2956-A17C-F27A-73D239878789 disconnected.
1764871341: New connection from ::1:36934 on port 1883.
1764871341: New client connected from ::1:36934 as auto-163C38BA-98B6-ECE3-3CD3-63FD26CE2478 (p2, c1, k60).
1764871341: Client auto-163C38BA-98B6-ECE3-3CD3-63FD26CE2478 disconnected.
1764871356: New connection from ::1:59860 on port 1883.
1764871356: New client connected from ::1:59860 as auto-B6766917-0C5B-1159-B204-6BF53BC10E0A (p2, c1, k60).
1764871356: Client auto-B6766917-0C5B-1159-B204-6BF53BC10E0A disconnected.
1764871369: New connection from ::1:56126 on port 1883.
1764871369: New client connected from ::1:56126 as auto-8AB0936B-2655-DD8C-F8A8-031119E00426 (p2, c1, k60).
1764871369: Client auto-8AB0936B-2655-DD8C-F8A8-031119E00426 disconnected.
1764871384: New connection from ::1:52000 on port 1883.
1764871384: New client connected from ::1:52000 as auto-378AD6A1-7C90-C997-C45D-7337CFA62A30 (p2, c1, k60).
1764871384: Client auto-378AD6A1-7C90-C997-C45D-7337CFA62A30 disconnected.
1764871397: New connection from ::1:45642 on port 1883.
1764871397: New client connected from ::1:45642 as auto-048176C2-7447-FD30-F348-CE25AF94330B (p2, c1, k60).
1764871397: Client auto-048176C2-7447-FD30-F348-CE25AF94330B disconnected.
1764871412: New connection from ::1:45398 on port 1883.
1764871412: New client connected from ::1:45398 as auto-26FC4356-F49B-069A-8E17-49692EBB11B2 (p2, c1, k60).
1764871412: Client auto-26FC4356-F49B-069A-8E17-49692EBB11B2 disconnected.
1764871424: New connection from ::1:48632 on port 1883.
1764871424: New client connected from ::1:48632 as auto-E5125386-ACB5-0CDE-480C-C19A191DD0AD (p2, c1, k60).
1764871424: Client auto-E5125386-ACB5-0CDE-480C-C19A191DD0AD disconnected.
1764871439: New connection from ::1:34502 on port 1883.
1764871439: New client connected from ::1:34502 as auto-A17904D8-9E19-36AA-F753-6881F81CF3D5 (p2, c1, k60).
1764871439: Client auto-A17904D8-9E19-36AA-F753-6881F81CF3D5 disconnected.
1764871452: New connection from ::1:34544 on port 1883.
1764871452: New client connected from ::1:34544 as auto-DC99BF44-F5CA-1A82-67EB-891741AAA19C (p2, c1, k60).
1764871452: Client auto-DC99BF44-F5CA-1A82-67EB-891741AAA19C disconnected.
1764871467: New connection from ::1:36144 on port 1883.
1764871467: New client connected from ::1:36144 as auto-13F1EE17-6594-2BD3-C22E-2AF445309283 (p2, c1, k60).
1764871467: Client auto-13F1EE17-6594-2BD3-C22E-2AF445309283 disconnected.
1764871480: New connection from ::1:42286 on port 1883.
1764871480: New client connected from ::1:42286 as auto-ACF1FC04-3364-04C7-CAF3-3B27951EC37C (p2, c1, k60).
1764871480: Client auto-ACF1FC04-3364-04C7-CAF3-3B27951EC37C disconnected.
1764871495: New connection from ::1:43018 on port 1883.
1764871495: New client connected from ::1:43018 as auto-E8C9342E-F5F6-447B-A827-320F09E0B32E (p2, c1, k60).
1764871495: Client auto-E8C9342E-F5F6-447B-A827-320F09E0B32E disconnected.
1764871508: New connection from ::1:33222 on port 1883.
1764871508: New client connected from ::1:33222 as auto-C36D3589-CA9F-25D6-487D-028C582F2837 (p2, c1, k60).
1764871508: Client auto-C36D3589-CA9F-25D6-487D-028C582F2837 disconnected.
1764871523: New connection from ::1:34408 on port 1883.
1764871523: New client connected from ::1:34408 as auto-E5DF2D7A-C90E-D967-7D56-792B4C4DBACA (p2, c1, k60).
1764871523: Client auto-E5DF2D7A-C90E-D967-7D56-792B4C4DBACA disconnected.
1764871536: New connection from ::1:36194 on port 1883.
1764871536: New client connected from ::1:36194 as auto-5A7BEE6F-0F8D-6A86-97B0-D3CCDC6F4377 (p2, c1, k60).
1764871536: Client auto-5A7BEE6F-0F8D-6A86-97B0-D3CCDC6F4377 disconnected.
1764871551: New connection from ::1:34410 on port 1883.
1764871551: New client connected from ::1:34410 as auto-17F56C4D-E729-36D1-8AA8-4EC9BDFD677C (p2, c1, k60).
1764871551: Client auto-17F56C4D-E729-36D1-8AA8-4EC9BDFD677C disconnected.
1764871563: New connection from ::1:44216 on port 1883.
1764871563: New client connected from ::1:44216 as auto-F4343AAD-B0F8-AA95-B89F-79A6B96445EE (p2, c1, k60).
1764871563: Client auto-F4343AAD-B0F8-AA95-B89F-79A6B96445EE disconnected.
1764871578: New connection from ::1:50418 on port 1883.
1764871578: New client connected from ::1:50418 as auto-423CB739-6941-D565-0A14-A72A12F58DC1 (p2, c1, k60).
1764871578: Client auto-423CB739-6941-D565-0A14-A72A12F58DC1 disconnected.
1764871591: New connection from ::1:38000 on port 1883.
1764871591: New client connected from ::1:38000 as auto-CC236E24-ADEC-CF33-2E2F-9332BA02D2C1 (p2, c1, k60).
1764871591: Client auto-CC236E24-ADEC-CF33-2E2F-9332BA02D2C1 disconnected.
1764871606: New connection from ::1:33222 on port 1883.
1764871606: New client connected from ::1:33222 as auto-1FFFCF45-1F38-2709-1A40-8A0CF6BFD722 (p2, c1, k60).
1764871606: Client auto-1FFFCF45-1F38-2709-1A40-8A0CF6BFD722 disconnected.
1764871610: mosquitto version 2.0.22 terminating
1764871610: Saving in-memory database to /mosquitto/data//mosquitto.db.
1764871619: mosquitto version 2.0.22 starting
1764871619: Config loaded from /mosquitto/config/mosquitto.conf.
1764871619: Opening ipv4 listen socket on port 1883.
1764871619: Opening ipv6 listen socket on port 1883.
1764871619: Opening websockets listen socket on port 9001.
1764871619: mosquitto version 2.0.22 running
1764871624: New connection from ::1:37506 on port 1883.
1764871624: New client connected from ::1:37506 as auto-6583AF41-F06F-3FE5-5044-9C6BA55E2C92 (p2, c1, k60).
1764871624: Client auto-6583AF41-F06F-3FE5-5044-9C6BA55E2C92 disconnected.
1764871639: New connection from ::1:33050 on port 1883.
1764871639: New client connected from ::1:33050 as auto-C326E0F0-7B9B-CB8A-E63B-771E1263EE74 (p2, c1, k60).
1764871639: Client auto-C326E0F0-7B9B-CB8A-E63B-771E1263EE74 disconnected.
1764871652: New connection from ::1:56586 on port 1883.
1764871652: New client connected from ::1:56586 as auto-7C616DC2-EB17-9303-3302-7C869F9624F8 (p2, c1, k60).
1764871652: Client auto-7C616DC2-EB17-9303-3302-7C869F9624F8 disconnected.
1764871667: New connection from ::1:59808 on port 1883.
1764871667: New client connected from ::1:59808 as auto-01880043-523F-7419-F8C3-4D5C0DEE823A (p2, c1, k60).
1764871667: Client auto-01880043-523F-7419-F8C3-4D5C0DEE823A disconnected.
1764871680: New connection from ::1:38876 on port 1883.
1764871680: New client connected from ::1:38876 as auto-8ABA8FDD-2B1A-7031-3319-C710E6940518 (p2, c1, k60).
1764871680: Client auto-8ABA8FDD-2B1A-7031-3319-C710E6940518 disconnected.
1764871695: New connection from ::1:38524 on port 1883.
1764871695: New client connected from ::1:38524 as auto-E83889B4-2B6F-5576-A537-4E63B08B6733 (p2, c1, k60).
1764871695: Client auto-E83889B4-2B6F-5576-A537-4E63B08B6733 disconnected.
1764871708: New connection from ::1:52870 on port 1883.
1764871708: New client connected from ::1:52870 as auto-509BF577-971C-4F11-AEF3-181F21EDF8B7 (p2, c1, k60).
1764871708: Client auto-509BF577-971C-4F11-AEF3-181F21EDF8B7 disconnected.
1764871723: New connection from ::1:59984 on port 1883.
1764871723: New client connected from ::1:59984 as auto-4360CBBD-8DC6-888F-02D3-7AF0C16C9C9B (p2, c1, k60).
1764871723: Client auto-4360CBBD-8DC6-888F-02D3-7AF0C16C9C9B disconnected.
1764871736: New connection from ::1:59766 on port 1883.
1764871736: New client connected from ::1:59766 as auto-C309C4D8-C6EB-6DAE-790B-4E3D0BFE0A24 (p2, c1, k60).
1764871736: Client auto-C309C4D8-C6EB-6DAE-790B-4E3D0BFE0A24 disconnected.
1764871751: New connection from ::1:33518 on port 1883.
1764871751: New client connected from ::1:33518 as auto-D7B4EC6A-4BB0-A475-2CCC-622D718F0B97 (p2, c1, k60).
1764871751: Client auto-D7B4EC6A-4BB0-A475-2CCC-622D718F0B97 disconnected.
1764871764: New connection from ::1:41088 on port 1883.
1764871764: New client connected from ::1:41088 as auto-A977D720-2BD2-3B4E-72A2-91CCF7CFCFCB (p2, c1, k60).
1764871764: Client auto-A977D720-2BD2-3B4E-72A2-91CCF7CFCFCB disconnected.
1764871779: New connection from ::1:37370 on port 1883.
1764871779: New client connected from ::1:37370 as auto-B455A6EE-2ED1-2342-E56F-28A5CB92ED36 (p2, c1, k60).
1764871779: Client auto-B455A6EE-2ED1-2342-E56F-28A5CB92ED36 disconnected.
1764871791: New connection from ::1:48880 on port 1883.
1764871791: New client connected from ::1:48880 as auto-D0FEEED8-3EA1-C36F-17F7-787F0FF65E97 (p2, c1, k60).
1764871791: Client auto-D0FEEED8-3EA1-C36F-17F7-787F0FF65E97 disconnected.
1764871806: New connection from ::1:32934 on port 1883.
1764871806: New client connected from ::1:32934 as auto-7A32EC3A-495C-6B73-5A74-E051B4707D32 (p2, c1, k60).
1764871806: Client auto-7A32EC3A-495C-6B73-5A74-E051B4707D32 disconnected.
1764871819: New connection from ::1:47680 on port 1883.
1764871819: New client connected from ::1:47680 as auto-4D2E1737-730D-3D46-1E00-15223B84224D (p2, c1, k60).
1764871819: Client auto-4D2E1737-730D-3D46-1E00-15223B84224D disconnected.
1764871834: New connection from ::1:57016 on port 1883.
1764871834: New client connected from ::1:57016 as auto-8E2BF23D-BAFA-0026-C127-6A5277C83B85 (p2, c1, k60).
1764871834: Client auto-8E2BF23D-BAFA-0026-C127-6A5277C83B85 disconnected.
1764871847: New connection from ::1:59546 on port 1883.
1764871847: New client connected from ::1:59546 as auto-5DCC3240-5019-C44C-225B-F670F425A376 (p2, c1, k60).
1764871847: Client auto-5DCC3240-5019-C44C-225B-F670F425A376 disconnected.
1764871862: New connection from ::1:37432 on port 1883.
1764871862: New client connected from ::1:37432 as auto-6DE59F95-5FF0-7B9B-01C5-FE079668FF64 (p2, c1, k60).
1764871862: Client auto-6DE59F95-5FF0-7B9B-01C5-FE079668FF64 disconnected.
1764871875: New connection from ::1:39570 on port 1883.
1764871875: New client connected from ::1:39570 as auto-300BA9CD-935C-9518-0C4C-8B59F8A57124 (p2, c1, k60).
1764871875: Client auto-300BA9CD-935C-9518-0C4C-8B59F8A57124 disconnected.
1764871890: New connection from ::1:59382 on port 1883.
1764871890: New client connected from ::1:59382 as auto-3C826882-B3A1-B7B3-0A71-BEFED0DC26A5 (p2, c1, k60).
1764871890: Client auto-3C826882-B3A1-B7B3-0A71-BEFED0DC26A5 disconnected.
1764871903: New connection from ::1:48860 on port 1883.
1764871903: New client connected from ::1:48860 as auto-E59D4413-B2AE-5DB6-3DE8-E01E8F1A319F (p2, c1, k60).
1764871903: Client auto-E59D4413-B2AE-5DB6-3DE8-E01E8F1A319F disconnected.
1764871918: New connection from ::1:42174 on port 1883.
1764871918: New client connected from ::1:42174 as auto-CF55C927-29CC-0A9E-584D-FBCB1F656AF6 (p2, c1, k60).
1764871918: Client auto-CF55C927-29CC-0A9E-584D-FBCB1F656AF6 disconnected.
1764871930: New connection from ::1:57734 on port 1883.
1764871930: New client connected from ::1:57734 as auto-46EB95D1-735F-E07B-ADF6-1FF39DB14E43 (p2, c1, k60).
1764871930: Client auto-46EB95D1-735F-E07B-ADF6-1FF39DB14E43 disconnected.
1764871945: New connection from ::1:39806 on port 1883.
1764871945: New client connected from ::1:39806 as auto-32FF54E4-4B84-B28C-0F1A-0BC75E315C64 (p2, c1, k60).
1764871945: Client auto-32FF54E4-4B84-B28C-0F1A-0BC75E315C64 disconnected.
1764871957: mosquitto version 2.0.22 terminating
1764871957: Saving in-memory database to /mosquitto/data//mosquitto.db.
1764871994: mosquitto version 2.0.22 starting
1764871994: Config loaded from /mosquitto/config/mosquitto.conf.
1764871994: Opening ipv4 listen socket on port 1883.
1764871994: Opening ipv6 listen socket on port 1883.
1764871994: Opening websockets listen socket on port 9001.
1764871994: mosquitto version 2.0.22 running
1764871999: New connection from ::1:54984 on port 1883.
1764871999: New client connected from ::1:54984 as auto-AD92FF4E-DF6C-D224-985F-C92267CD662A (p2, c1, k60).
1764871999: Client auto-AD92FF4E-DF6C-D224-985F-C92267CD662A disconnected.
1764872012: New connection from ::1:37124 on port 1883.
1764872012: New client connected from ::1:37124 as auto-E2239FFB-A98E-5FBF-52F2-60783DD82E99 (p2, c1, k60).
1764872012: Client auto-E2239FFB-A98E-5FBF-52F2-60783DD82E99 disconnected.
1764872020: mosquitto version 2.0.22 terminating
1764872020: Saving in-memory database to /mosquitto/data//mosquitto.db.
1764872029: mosquitto version 2.0.22 starting
1764872029: Config loaded from /mosquitto/config/mosquitto.conf.
1764872029: Opening ipv4 listen socket on port 1883.
1764872029: Opening ipv6 listen socket on port 1883.
1764872029: Opening websockets listen socket on port 9001.
1764872029: mosquitto version 2.0.22 running
1764872032: New connection from ::1:44050 on port 1883.
1764872032: New client connected from ::1:44050 as auto-8BF5CF1F-7750-DC53-2D02-88C37C51AEA3 (p2, c1, k60).
1764872032: Client auto-8BF5CF1F-7750-DC53-2D02-88C37C51AEA3 disconnected.
1764872035: New connection from 172.21.0.1:37518 on port 1883.
1764872035: New client connected from 172.21.0.1:37518 as mqtt-explorer-b9724999 (p2, c1, k60).
1764872047: New connection from ::1:46220 on port 1883.
1764872047: New client connected from ::1:46220 as auto-2C132F01-0EBC-D0CD-AE58-EBD1270AC644 (p2, c1, k60).
1764872047: Client auto-2C132F01-0EBC-D0CD-AE58-EBD1270AC644 disconnected.
1764872050: Client mqtt-explorer-b9724999 disconnected.
1764872060: New connection from ::1:45150 on port 1883.
1764872060: New client connected from ::1:45150 as auto-AF55A673-9B5C-3C06-DD6F-2460B2891824 (p2, c1, k60).
1764872060: Client auto-AF55A673-9B5C-3C06-DD6F-2460B2891824 disconnected.
1764872075: New connection from ::1:36908 on port 1883.
1764872075: New client connected from ::1:36908 as auto-08191EE1-3A32-1003-2B58-F5B4DAF2C4C0 (p2, c1, k60).
1764872075: Client auto-08191EE1-3A32-1003-2B58-F5B4DAF2C4C0 disconnected.
1764872076: mosquitto version 2.0.22 terminating
1764872076: Saving in-memory database to /mosquitto/data//mosquitto.db.
1764872187: mosquitto version 2.0.22 starting
1764872187: Config loaded from /mosquitto/config/mosquitto.conf.
1764872187: Opening ipv4 listen socket on port 1883.
1764872187: Opening ipv6 listen socket on port 1883.
1764872187: Opening websockets listen socket on port 9001.
1764872187: mosquitto version 2.0.22 running
1764872192: New connection from ::1:53724 on port 1883.
1764872192: New client connected from ::1:53724 as auto-C072D062-7108-630E-8A10-1A2925930B87 (p2, c1, k60).
1764872192: Client auto-C072D062-7108-630E-8A10-1A2925930B87 disconnected.
1764872195: New client connected from ::ffff:172.21.0.1:33110 as mqtt-explorer-3603357a (p2, c1, k60).
1764872197: Client mqtt-explorer-3603357a disconnected.
1764872205: New connection from ::1:33120 on port 1883.
1764872205: New client connected from ::1:33120 as auto-6CF94D0D-B4EA-DF7F-0376-CC31659C2DC2 (p2, c1, k60).
1764872205: Client auto-6CF94D0D-B4EA-DF7F-0376-CC31659C2DC2 disconnected.
1764872220: New connection from ::1:35790 on port 1883.
1764872220: New client connected from ::1:35790 as auto-84038E0D-900E-35EA-AD27-3B8F3083A194 (p2, c1, k60).
1764872220: Client auto-84038E0D-900E-35EA-AD27-3B8F3083A194 disconnected.
1764872233: New connection from ::1:43332 on port 1883.
1764872233: New client connected from ::1:43332 as auto-40D4B79A-0F42-BEF7-21F1-25F86F3A3839 (p2, c1, k60).
1764872233: Client auto-40D4B79A-0F42-BEF7-21F1-25F86F3A3839 disconnected.
1764872248: New connection from ::1:50184 on port 1883.
1764872248: New client connected from ::1:50184 as auto-5D5AEFC1-E53B-DE36-3C05-A72CE36EB814 (p2, c1, k60).
1764872248: Client auto-5D5AEFC1-E53B-DE36-3C05-A72CE36EB814 disconnected.
1764872261: New connection from ::1:37024 on port 1883.
1764872261: New client connected from ::1:37024 as auto-DFF2B592-796C-0D72-512B-B6B26BAA1AC5 (p2, c1, k60).
1764872261: Client auto-DFF2B592-796C-0D72-512B-B6B26BAA1AC5 disconnected.
1764872276: New connection from ::1:55798 on port 1883.
1764872276: New client connected from ::1:55798 as auto-869B0695-2D27-7292-DFCE-41EB25DD38B2 (p2, c1, k60).
1764872276: Client auto-869B0695-2D27-7292-DFCE-41EB25DD38B2 disconnected.
1764872288: New connection from ::1:58798 on port 1883.
1764872288: New client connected from ::1:58798 as auto-AA2D3702-5DAF-6A86-2CD3-CF44D77ABAE9 (p2, c1, k60).
1764872288: Client auto-AA2D3702-5DAF-6A86-2CD3-CF44D77ABAE9 disconnected.
1764872304: New connection from ::1:47584 on port 1883.
1764872304: New client connected from ::1:47584 as auto-F8E0492E-7DBE-A70A-1D0B-CFE30BD35E63 (p2, c1, k60).
1764872304: Client auto-F8E0492E-7DBE-A70A-1D0B-CFE30BD35E63 disconnected.
1764872316: New connection from ::1:43566 on port 1883.
1764872316: New client connected from ::1:43566 as auto-9746C4F5-8859-2DCF-1661-21AEAA38FACF (p2, c1, k60).
1764872316: Client auto-9746C4F5-8859-2DCF-1661-21AEAA38FACF disconnected.
1764872331: New connection from ::1:60620 on port 1883.
1764872331: New client connected from ::1:60620 as auto-3EEA7602-0C8B-D06A-8A19-899F03E3E75B (p2, c1, k60).
1764872331: Client auto-3EEA7602-0C8B-D06A-8A19-899F03E3E75B disconnected.
1764872344: New connection from ::1:44608 on port 1883.
1764872344: New client connected from ::1:44608 as auto-4C353F69-749F-A1FB-C296-8560907694EE (p2, c1, k60).
1764872344: Client auto-4C353F69-749F-A1FB-C296-8560907694EE disconnected.
1764872359: New connection from ::1:45120 on port 1883.
1764872359: New client connected from ::1:45120 as auto-A286D943-14A7-3F43-06BC-23631CAAE8BF (p2, c1, k60).
1764872359: Client auto-A286D943-14A7-3F43-06BC-23631CAAE8BF disconnected.
1764872372: New connection from ::1:51806 on port 1883.
1764872372: New client connected from ::1:51806 as auto-DF48F733-8822-6962-6873-808729E5CDE4 (p2, c1, k60).
1764872372: Client auto-DF48F733-8822-6962-6873-808729E5CDE4 disconnected.
1764872387: New connection from ::1:44294 on port 1883.
1764872387: New client connected from ::1:44294 as auto-25E3AF76-A589-A16A-A677-2E18149C1264 (p2, c1, k60).
1764872387: Client auto-25E3AF76-A589-A16A-A677-2E18149C1264 disconnected.
1764872400: New connection from ::1:57924 on port 1883.
1764872400: New client connected from ::1:57924 as auto-5CB0657F-C6A3-3E27-C6EC-BB413024F63C (p2, c1, k60).
1764872400: Client auto-5CB0657F-C6A3-3E27-C6EC-BB413024F63C disconnected.
1764872415: New connection from ::1:35202 on port 1883.
1764872415: New client connected from ::1:35202 as auto-0328CB35-2668-E75C-FAEB-1574A518AF01 (p2, c1, k60).
1764872415: Client auto-0328CB35-2668-E75C-FAEB-1574A518AF01 disconnected.
1764872427: New connection from ::1:54636 on port 1883.
1764872427: New client connected from ::1:54636 as auto-BC953FEF-23E9-300E-8A08-137BEA5817FA (p2, c1, k60).
1764872427: Client auto-BC953FEF-23E9-300E-8A08-137BEA5817FA disconnected.
1764872443: New connection from ::1:48988 on port 1883.
1764872443: New client connected from ::1:48988 as auto-E88DC9CD-65C1-C1E9-0A04-4CFD070FB45E (p2, c1, k60).
1764872443: Client auto-E88DC9CD-65C1-C1E9-0A04-4CFD070FB45E disconnected.
1764872455: New connection from ::1:37652 on port 1883.
1764872455: New client connected from ::1:37652 as auto-B9782868-40DD-CA67-3EF1-B8F08AFDAB54 (p2, c1, k60).
1764872455: Client auto-B9782868-40DD-CA67-3EF1-B8F08AFDAB54 disconnected.
1764872470: New connection from ::1:58462 on port 1883.
1764872470: New client connected from ::1:58462 as auto-507A99C6-8DF0-CEF9-31B3-8B773B376C98 (p2, c1, k60).
1764872470: Client auto-507A99C6-8DF0-CEF9-31B3-8B773B376C98 disconnected.
1764872483: New connection from ::1:37492 on port 1883.
1764872483: New client connected from ::1:37492 as auto-4EB94BF9-D9D1-1475-75CB-F3AAA17B0F83 (p2, c1, k60).
1764872483: Client auto-4EB94BF9-D9D1-1475-75CB-F3AAA17B0F83 disconnected.
1764872498: New connection from ::1:57958 on port 1883.
1764872498: New client connected from ::1:57958 as auto-7A8D84FB-4A5B-D8CD-B474-080E420D87F1 (p2, c1, k60).
1764872498: Client auto-7A8D84FB-4A5B-D8CD-B474-080E420D87F1 disconnected.
1764872511: New connection from ::1:54842 on port 1883.
1764872511: New client connected from ::1:54842 as auto-6BD2FEEC-462A-66EF-A418-621F8E692216 (p2, c1, k60).
1764872511: Client auto-6BD2FEEC-462A-66EF-A418-621F8E692216 disconnected.
1764872526: New connection from ::1:36186 on port 1883.
1764872526: New client connected from ::1:36186 as auto-CC98C2F1-1502-3A1A-A896-6821D9B8973E (p2, c1, k60).
1764872526: Client auto-CC98C2F1-1502-3A1A-A896-6821D9B8973E disconnected.
1764872539: New connection from ::1:53594 on port 1883.
1764872539: New client connected from ::1:53594 as auto-B1D0338D-64C8-EED8-93AA-0C9790F0F087 (p2, c1, k60).
1764872539: Client auto-B1D0338D-64C8-EED8-93AA-0C9790F0F087 disconnected.
1764872554: New connection from ::1:41032 on port 1883.
1764872554: New client connected from ::1:41032 as auto-7017598B-2EAD-D358-1C80-1C36B03B53E7 (p2, c1, k60).
1764872554: Client auto-7017598B-2EAD-D358-1C80-1C36B03B53E7 disconnected.
1764872567: New connection from ::1:54644 on port 1883.
1764872567: New client connected from ::1:54644 as auto-DD599879-5570-C3D3-CD76-B3722C2C0FA3 (p2, c1, k60).
1764872567: Client auto-DD599879-5570-C3D3-CD76-B3722C2C0FA3 disconnected.
1764872582: New connection from ::1:59380 on port 1883.
1764872582: New client connected from ::1:59380 as auto-0AC45E4D-45BF-7732-AAE7-7B08D498BBF1 (p2, c1, k60).
1764872582: Client auto-0AC45E4D-45BF-7732-AAE7-7B08D498BBF1 disconnected.
1764872594: New connection from ::1:40902 on port 1883.
1764872594: New client connected from ::1:40902 as auto-2435DC8C-3679-687D-EE5B-6C525B85DE74 (p2, c1, k60).
1764872594: Client auto-2435DC8C-3679-687D-EE5B-6C525B85DE74 disconnected.
1764872609: New connection from ::1:58270 on port 1883.
1764872609: New client connected from ::1:58270 as auto-C467B601-3245-7CD6-0547-BC618F4C4320 (p2, c1, k60).
1764872609: Client auto-C467B601-3245-7CD6-0547-BC618F4C4320 disconnected.
1764872622: New connection from ::1:38776 on port 1883.
1764872622: New client connected from ::1:38776 as auto-8BF794D7-4E75-3AAE-4029-1EC4CBD0A8A2 (p2, c1, k60).
1764872622: Client auto-8BF794D7-4E75-3AAE-4029-1EC4CBD0A8A2 disconnected.
1764872637: New connection from ::1:34576 on port 1883.
1764872637: New client connected from ::1:34576 as auto-4B28B69D-D6E3-3944-D4F0-7C94D39EF8C7 (p2, c1, k60).
1764872637: Client auto-4B28B69D-D6E3-3944-D4F0-7C94D39EF8C7 disconnected.
1764872650: New connection from ::1:47374 on port 1883.
1764872650: New client connected from ::1:47374 as auto-A86DE2A2-B4FF-55F3-DF36-2E49B4ED147D (p2, c1, k60).
1764872650: Client auto-A86DE2A2-B4FF-55F3-DF36-2E49B4ED147D disconnected.
1764872665: New connection from ::1:49536 on port 1883.
1764872665: New client connected from ::1:49536 as auto-6F3C2611-2075-7D25-FE91-E17A5CCC328D (p2, c1, k60).
1764872665: Client auto-6F3C2611-2075-7D25-FE91-E17A5CCC328D disconnected.
1764872678: New connection from ::1:44802 on port 1883.
1764872678: New client connected from ::1:44802 as auto-AB94CEFC-5B0C-DC33-ECA0-19CC3B8FCE97 (p2, c1, k60).
1764872678: Client auto-AB94CEFC-5B0C-DC33-ECA0-19CC3B8FCE97 disconnected.
1764872693: New connection from ::1:49274 on port 1883.
1764872693: New client connected from ::1:49274 as auto-F251830C-B2B3-F6FD-60C7-39A4E4B1C466 (p2, c1, k60).
1764872693: Client auto-F251830C-B2B3-F6FD-60C7-39A4E4B1C466 disconnected.
1764872706: New connection from ::1:36122 on port 1883.
1764872706: New client connected from ::1:36122 as auto-E6EC5088-54C1-014E-14A3-6CDFBCAD311C (p2, c1, k60).
1764872706: Client auto-E6EC5088-54C1-014E-14A3-6CDFBCAD311C disconnected.
1764872721: New connection from ::1:45696 on port 1883.
1764872721: New client connected from ::1:45696 as auto-CAC4C1B6-C0CC-1850-EB98-865D15940336 (p2, c1, k60).
1764872721: Client auto-CAC4C1B6-C0CC-1850-EB98-865D15940336 disconnected.
1764872733: New connection from ::1:42762 on port 1883.
1764872733: New client connected from ::1:42762 as auto-F9C54A3F-E7DF-501B-0A53-00C428710760 (p2, c1, k60).
1764872733: Client auto-F9C54A3F-E7DF-501B-0A53-00C428710760 disconnected.
1764872748: New connection from ::1:47348 on port 1883.
1764872748: New client connected from ::1:47348 as auto-51B2EAE2-E121-9E90-3D34-177F39BC8C9B (p2, c1, k60).
1764872748: Client auto-51B2EAE2-E121-9E90-3D34-177F39BC8C9B disconnected.
1764872761: New connection from ::1:45338 on port 1883.
1764872761: New client connected from ::1:45338 as auto-0B87DCB2-AB3C-97E3-2883-441D6C1FED63 (p2, c1, k60).
1764872761: Client auto-0B87DCB2-AB3C-97E3-2883-441D6C1FED63 disconnected.
1764872776: New connection from ::1:59614 on port 1883.
1764872776: New client connected from ::1:59614 as auto-E89554DE-B2C9-7874-F639-39489F79D95B (p2, c1, k60).
1764872776: Client auto-E89554DE-B2C9-7874-F639-39489F79D95B disconnected.
1764872789: New connection from ::1:53002 on port 1883.
1764872789: New client connected from ::1:53002 as auto-22EB4A56-608A-58DF-1324-A3F7E33FAE2A (p2, c1, k60).
1764872789: Client auto-22EB4A56-608A-58DF-1324-A3F7E33FAE2A disconnected.
1764872804: New connection from ::1:52332 on port 1883.
1764872804: New client connected from ::1:52332 as auto-2A6C93E1-EE6F-1E49-BD70-23E299004C19 (p2, c1, k60).
1764872804: Client auto-2A6C93E1-EE6F-1E49-BD70-23E299004C19 disconnected.
1764872817: New connection from ::1:56138 on port 1883.
1764872817: New client connected from ::1:56138 as auto-2CC4FEE7-9CA5-B088-816F-1DBA4A77D0BE (p2, c1, k60).
1764872817: Client auto-2CC4FEE7-9CA5-B088-816F-1DBA4A77D0BE disconnected.
1764872832: New connection from ::1:51662 on port 1883.
1764872832: New client connected from ::1:51662 as auto-708BC745-174F-C9D5-2F08-9B08C365E76A (p2, c1, k60).
1764872832: Client auto-708BC745-174F-C9D5-2F08-9B08C365E76A disconnected.
1764872845: New connection from ::1:56638 on port 1883.
1764872845: New client connected from ::1:56638 as auto-FBF433B2-66F7-4D57-B0F7-DC2A017B4BDC (p2, c1, k60).
1764872845: Client auto-FBF433B2-66F7-4D57-B0F7-DC2A017B4BDC disconnected.
1764872859: mosquitto version 2.0.22 terminating
1764872859: Saving in-memory database to /mosquitto/data//mosquitto.db.
1764872863: mosquitto version 2.0.22 starting
1764872863: Config loaded from /mosquitto/config/mosquitto.conf.
1764872863: Opening ipv4 listen socket on port 1883.
1764872863: Opening ipv6 listen socket on port 1883.
1764872863: Opening websockets listen socket on port 9001.
1764872863: mosquitto version 2.0.22 running
1764872866: New connection from ::1:39146 on port 1883.
1764872866: New client connected from ::1:39146 as auto-E60390D5-0EF8-6D89-46E6-835D53CDD28E (p2, c1, k60).
1764872866: Client auto-E60390D5-0EF8-6D89-46E6-835D53CDD28E disconnected.
1764872881: New connection from ::1:55784 on port 1883.
1764872881: New client connected from ::1:55784 as auto-CDAB7A74-18BB-3789-53CC-A4D4A7B5E750 (p2, c1, k60).
1764872881: Client auto-CDAB7A74-18BB-3789-53CC-A4D4A7B5E750 disconnected.
1764872893: New connection from ::1:55046 on port 1883.
1764872893: New client connected from ::1:55046 as auto-E94C751E-8E66-8840-A20C-B920B04E4ADC (p2, c1, k60).
1764872893: Client auto-E94C751E-8E66-8840-A20C-B920B04E4ADC disconnected.
1764872908: New connection from ::1:50300 on port 1883.
1764872908: New client connected from ::1:50300 as auto-1436C963-835B-AF1A-0237-CBF05C02C259 (p2, c1, k60).
1764872908: Client auto-1436C963-835B-AF1A-0237-CBF05C02C259 disconnected.
1764872921: New connection from ::1:32798 on port 1883.
1764872921: New client connected from ::1:32798 as auto-E2285901-84BA-AF79-194F-394D6870BB54 (p2, c1, k60).
1764872921: Client auto-E2285901-84BA-AF79-194F-394D6870BB54 disconnected.
1764872936: New connection from ::1:54694 on port 1883.
1764872936: New client connected from ::1:54694 as auto-856DBE78-D43F-7E74-81A5-BAF49024F7AE (p2, c1, k60).
1764872936: Client auto-856DBE78-D43F-7E74-81A5-BAF49024F7AE disconnected.
1764872949: New connection from ::1:54778 on port 1883.
1764872949: New client connected from ::1:54778 as auto-1B5C5E99-BB1D-293F-D63F-054C1ECE25B1 (p2, c1, k60).
1764872949: Client auto-1B5C5E99-BB1D-293F-D63F-054C1ECE25B1 disconnected.
1764872964: New connection from ::1:59142 on port 1883.
1764872964: New client connected from ::1:59142 as auto-905BCAA2-5B26-6587-3892-4B5F8DBC0F6C (p2, c1, k60).
1764872964: Client auto-905BCAA2-5B26-6587-3892-4B5F8DBC0F6C disconnected.
1764872968: mosquitto version 2.0.22 terminating
1764872968: Saving in-memory database to /mosquitto/data//mosquitto.db.
